<?xml version="1.0" encoding="UTF-8"?>
<!-- Generated by org.testng.reporters.JUnitReportReporter -->
<testsuite hostname="LAPTOP-CNDO9REH" failures="0" tests="1" name="TestScripts.Test_Script_4" time="2.434" errors="0" timestamp="2022-12-07T11:51:59 IST" skipped="0">
  <testcase classname="TestScripts.Test_Script_4" name="royalenfield" time="2.434"/>
  <system-out/>
</testsuite> <!-- TestScripts.Test_Script_4 -->
