<?xml version="1.0" encoding="UTF-8"?>
<!-- Generated by org.testng.reporters.JUnitReportReporter -->
<testsuite hostname="LAPTOP-CNDO9REH" failures="0" tests="1" name="TestScripts.Test_Scripts_2" time="13.422" errors="0" timestamp="2022-12-07T11:44:00 IST" skipped="0">
  <testcase classname="TestScripts.Test_Scripts_2" name="royalenfield" time="13.422"/>
  <system-out/>
</testsuite> <!-- TestScripts.Test_Scripts_2 -->
