<?xml version="1.0" encoding="UTF-8"?>
<!-- Generated by org.testng.reporters.JUnitReportReporter -->
<testsuite hostname="LAPTOP-CNDO9REH" failures="0" tests="1" name="TestScripts.Test_Script_3" time="32.520" errors="0" timestamp="2022-12-07T11:49:46 IST" skipped="0">
  <testcase classname="TestScripts.Test_Script_3" name="royalenfield" time="32.520"/>
  <system-out/>
</testsuite> <!-- TestScripts.Test_Script_3 -->
