<?xml version="1.0" encoding="UTF-8"?>
<!-- Generated by org.testng.reporters.JUnitReportReporter -->
<testsuite hostname="LAPTOP-CNDO9REH" failures="0" tests="1" name="TestScripts.Test_Script_1" time="14.363" errors="0" timestamp="2022-12-07T11:04:14 IST" skipped="0">
  <testcase classname="TestScripts.Test_Script_1" name="royalenfield" time="14.363"/>
  <system-out/>
</testsuite> <!-- TestScripts.Test_Script_1 -->
